<?xml version="1.0" encoding="UTF-8"?>
<!-- Generated by org.testng.reporters.JUnitReportReporter -->
<testsuite hostname="Hrushipriya8519" failures="0" tests="2" name="Com.OrangeHRM.TestCases.LoginpageTest" time="39.979" errors="0" timestamp="2022-10-18T16:57:18 IST" skipped="0">
  <testcase classname="Com.OrangeHRM.TestCases.LoginpageTest" name="OrangeHRMPageTitle" time="21.377"/>
  <system-out/>
  <testcase classname="Com.OrangeHRM.TestCases.LoginpageTest" name="OrangeUername" time="18.602"/>
  <system-out/>
</testsuite> <!-- Com.OrangeHRM.TestCases.LoginpageTest -->
